[Wed Aug 29 21:43:36 2018] ' Server Open
[Wed Aug 29 21:50:28 2018] ' Server Open
[Wed Aug 29 21:55:51 2018] ' Server Open
[Wed Aug 29 22:09:25 2018] ' Server Open
[Wed Aug 29 22:22:46 2018] ' Server Open
[Wed Aug 29 22:25:10 2018] ' Server Open
[Wed Aug 29 22:31:34 2018] ' Server Open
[Wed Aug 29 22:32:21 2018] ' Server Open
[Wed Aug 29 23:11:40 2018] ' Server Open
[Sun Sep  2 19:44:02 2018] ' Server Open
[Sun Sep  2 19:57:20 2018] ' Server Open
[Sun Sep  2 20:00:47 2018] ' Server Open
[Sun Sep  2 20:14:02 2018] ' Server Open
[Sun Sep  2 20:33:13 2018] ' Server Open
[Sun Sep  2 20:38:21 2018] ' Server Open
[Sun Sep  2 20:45:52 2018] ' Server Open
[Sun Sep  2 20:46:34 2018] ' Server Open
[Sun Sep  2 21:13:21 2018] ' Server Open
[Sun Sep  2 23:15:09 2018] ' Server Open
[Sun Sep  2 23:15:36 2018] ' Server Open
[Sun Sep  2 23:22:40 2018] ' Server Open
[Mon Sep  3 00:16:37 2018] ' Server Open
[Mon Sep  3 00:17:30 2018] ' Server Open
[Mon Sep  3 00:52:45 2018] ' Server Open
[Mon Sep  3 02:20:04 2018] ' Server Open
[Mon Sep  3 02:23:46 2018] ' Server Open
[Mon Sep  3 02:24:28 2018] ' Server Open
[Mon Sep  3 02:34:49 2018] ' Server Open
[Mon Sep  3 03:38:54 2018] ' Server Open
[Mon Sep  3 13:29:25 2018] ' Server Open
[Mon Sep  3 13:51:23 2018] ' Server Open
[Mon Sep  3 19:05:25 2018] ' Server Open
[Mon Sep  3 20:36:32 2018] ' Server Open
[Mon Sep  3 20:40:26 2018] ' Server Open
[Mon Sep  3 20:40:38 2018] ' Server Open
[Mon Sep  3 21:35:07 2018] ' Server Open
[Mon Sep  3 23:14:45 2018] ' Server Open
[Tue Sep  4 22:30:47 2018] ' Server Open
[Wed Sep  5 01:54:02 2018] ' Server Open
[Wed Sep  5 02:48:54 2018] ' Server Open
[Wed Sep  5 13:53:27 2018] ' Server Open
[Wed Sep  5 13:54:24 2018] ' Server Open
[Wed Sep  5 17:07:54 2018] ' Server Open
[Wed Sep  5 20:14:35 2018] ' Server Open
[Wed Sep  5 20:57:16 2018] ' Server Open
[Wed Sep  5 20:58:49 2018] ' Server Open
[Thu Sep  6 21:18:50 2018] ' Server Open
[Thu Sep  6 21:19:25 2018] ' Server Open
[Thu Sep  6 21:19:44 2018] ' Server Open
[Thu Sep  6 22:43:50 2018] ' Server Open
[Thu Sep  6 22:47:03 2018] ' Server Open
[Fri Sep  7 00:38:17 2018] ' Server Open
[Fri Sep  7 00:42:01 2018] ' Server Open
[Tue Sep 11 01:12:04 2018] ' Server Open
[Tue Sep 11 01:15:09 2018] ' Server Open
[Tue Sep 11 01:57:15 2018] ' Server Open
[Tue Sep 11 02:10:10 2018] ' Server Open
[Fri Sep 14 01:09:19 2018] ' Server Open
[Fri Sep 14 01:14:42 2018] ' Server Open
[Fri Sep 14 01:38:31 2018] ' Server Open
[Sun Sep 16 20:43:47 2018] ' Server Open
[Sun Sep 16 22:02:17 2018] ' Server Open
[Mon Sep 17 23:35:00 2018] ' Server Open
[Tue Sep 18 02:35:35 2018] ' Server Open
[Tue Sep 18 13:02:09 2018] ' Server Open
[Tue Sep 18 14:14:39 2018] ' Server Open
[Tue Sep 18 17:37:08 2018] ' Server Open
[Tue Sep 18 17:37:51 2018] ' Server Open
[Tue Sep 18 17:58:24 2018] ' Server Open
[Tue Sep 18 19:00:25 2018] ' Server Open
[Tue Sep 18 21:10:02 2018] ' Server Open
[Wed Sep 19 01:02:47 2018] ' Server Open
[Wed Sep 19 02:22:12 2018] ' Server Open
[Wed Sep 19 02:41:47 2018] ' Server Open
[Wed Sep 19 03:01:37 2018] ' Server Open
[Wed Sep 19 04:01:18 2018] ' Server Open
[Wed Sep 19 21:23:37 2018] ' Server Open
[Wed Sep 19 21:31:49 2018] ' Server Open
[Wed Sep 19 21:41:06 2018] ' Server Open
[Wed Sep 19 21:54:44 2018] ' Server Open
[Wed Sep 19 22:00:20 2018] ' Server Open
[Wed Sep 19 22:00:32 2018] ' Server Open
[Wed Sep 19 22:19:10 2018] ' Server Open
[Tue Sep 25 21:41:36 2018] ' Server Open
[Wed Sep 26 21:25:23 2018] ' Server Open
[Wed Sep 26 22:10:51 2018] ' Server Open
[Thu Sep 27 00:09:16 2018] ' Server Open
[Thu Sep 27 00:16:13 2018] ' Server Open
[Thu Sep 27 02:24:17 2018] ' Server Open
[Thu Sep 27 02:36:30 2018] ' Server Open
[Thu Sep 27 03:06:43 2018] ' Server Open
[Thu Sep 27 20:07:03 2018] ' Server Open
[Thu Sep 27 20:09:58 2018] ' Server Open
[Thu Sep 27 20:15:33 2018] ' Server Open
[Thu Sep 27 20:21:45 2018] ' Server Open
[Thu Sep 27 21:10:22 2018] ' Server Open
[Thu Sep 27 21:19:29 2018] ' Server Open
[Thu Sep 27 21:19:53 2018] ' Server Open
[Fri Sep 28 00:49:26 2018] ' Server Open
[Fri Sep 28 00:54:33 2018] ' Server Open
[Fri Sep 28 01:03:15 2018] ' Server Open
[Fri Sep 28 13:35:09 2018] ' Server Open
[Fri Sep 28 17:46:55 2018] ' Server Open
[Fri Sep 28 17:49:16 2018] ' Server Open
[Mon Oct  1 19:05:47 2018] ' Server Open
[Mon Oct  1 19:08:08 2018] ' Server Open
[Wed Oct  3 19:05:37 2018] ' Server Open
[Fri Oct  5 13:55:56 2018] ' Server Open
[Fri Oct  5 13:56:42 2018] ' Server Open
[Fri Oct  5 14:14:36 2018] ' Server Open
[Mon Oct 22 23:39:24 2018] ' Server Open
[Mon Oct 22 23:42:17 2018] ' Server Open
[Tue Oct 23 22:23:43 2018] ' Server Open
[Tue Oct 23 22:25:56 2018] ' Server Open
[Tue Oct 23 22:42:09 2018] ' Server Open
[Wed Oct 24 16:27:24 2018] ' Server Open
[Wed Oct 24 16:29:08 2018] ' Server Open
[Wed Oct 24 16:30:36 2018] ' Server Open
[Wed Oct 24 16:38:13 2018] ' Server Open
[Wed Oct 24 17:06:50 2018] ' Server Open
[Thu Oct 25 01:49:15 2018] ' Server Open
